# JRE version: OpenJDK Runtime Environment (8.0_152-b01) (build 1.8.0_152-release-1248-b01)
# Java VM: OpenJDK 64-Bit Server VM (25.152-b01 mixed mode linux-amd64 compressed oops)
Heap:
 PSYoungGen      total 427008K, used 62220K [0x00000000e0000000, 0x00000000ff480000, 0x0000000100000000)
  eden space 342528K, 16% used [0x00000000e0000000,0x00000000e36e6548,0x00000000f4e80000)
  from space 84480K, 7% used [0x00000000f4e80000,0x00000000f545ce18,0x00000000fa100000)
  to   space 78848K, 0% used [0x00000000fa780000,0x00000000fa780000,0x00000000ff480000)
 ParOldGen       total 713728K, used 634580K [0x00000000a0000000, 0x00000000cb900000, 0x00000000e0000000)
  object space 713728K, 88% used [0x00000000a0000000,0x00000000c6bb5030,0x00000000cb900000)
 Metaspace       used 120544K, capacity 127252K, committed 127512K, reserved 1161216K
  class space    used 15005K, capacity 16427K, committed 16432K, reserved 1048576K
GC Heap History (10 events):
Event: 2442.806 GC heap before
{Heap before GC invocations=64 (full 5):
 PSYoungGen      total 400896K, used 298878K [0x00000000e0000000, 0x00000000fee80000, 0x0000000100000000)
  eden space 299520K, 99% used [0x00000000e0000000,0x00000000f23c7a48,0x00000000f2480000)
  from space 101376K, 0% used [0x00000000f8b80000,0x00000000f8b98000,0x00000000fee80000)
  to   space 103424K, 0% used [0x00000000f2480000,0x00000000f2480000,0x00000000f8980000)
 ParOldGen       total 713728K, used 632417K [0x00000000a0000000, 0x00000000cb900000, 0x00000000e0000000)
  object space 713728K, 88% used [0x00000000a0000000,0x00000000c6998480,0x00000000cb900000)
 Metaspace       used 118292K, capacity 124688K, committed 124952K, reserved 1159168K
  class space    used 14786K, capacity 16153K, committed 16176K, reserved 1048576K
Event: 2442.814 GC heap after
Heap after GC invocations=64 (full 5):
 PSYoungGen      total 402944K, used 128K [0x00000000e0000000, 0x00000000ff700000, 0x0000000100000000)
  eden space 299520K, 0% used [0x00000000e0000000,0x00000000e0000000,0x00000000f2480000)
  from space 103424K, 0% used [0x00000000f2480000,0x00000000f24a0000,0x00000000f8980000)
  to   space 97792K, 0% used [0x00000000f9780000,0x00000000f9780000,0x00000000ff700000)
 ParOldGen       total 713728K, used 632457K [0x00000000a0000000, 0x00000000cb900000, 0x00000000e0000000)
  object space 713728K, 88% used [0x00000000a0000000,0x00000000c69a2480,0x00000000cb900000)
 Metaspace       used 118292K, capacity 124688K, committed 124952K, reserved 1159168K
  class space    used 14786K, capacity 16153K, committed 16176K, reserved 1048576K
}
Event: 2442.842 GC heap before
{Heap before GC invocations=65 (full 5):
 PSYoungGen      total 402944K, used 298937K [0x00000000e0000000, 0x00000000ff700000, 0x0000000100000000)
  eden space 299520K, 99% used [0x00000000e0000000,0x00000000f23ce520,0x00000000f2480000)
  from space 103424K, 0% used [0x00000000f2480000,0x00000000f24a0000,0x00000000f8980000)
  to   space 97792K, 0% used [0x00000000f9780000,0x00000000f9780000,0x00000000ff700000)
 ParOldGen       total 713728K, used 632457K [0x00000000a0000000, 0x00000000cb900000, 0x00000000e0000000)
  object space 713728K, 88% used [0x00000000a0000000,0x00000000c69a2480,0x00000000cb900000)
 Metaspace       used 118292K, capacity 124688K, committed 124952K, reserved 1159168K
  class space    used 14786K, capacity 16153K, committed 16176K, reserved 1048576K
Event: 2442.850 GC heap after
Heap after GC invocations=65 (full 5):
 PSYoungGen      total 413184K, used 96K [0x00000000e0000000, 0x00000000fef80000, 0x0000000100000000)
  eden space 323072K, 0% used [0x00000000e0000000,0x00000000e0000000,0x00000000f3b80000)
  from space 90112K, 0% used [0x00000000f9780000,0x00000000f9798000,0x00000000fef80000)
  to   space 92160K, 0% used [0x00000000f3b80000,0x00000000f3b80000,0x00000000f9580000)
 ParOldGen       total 713728K, used 632489K [0x00000000a0000000, 0x00000000cb900000, 0x00000000e0000000)
  object space 713728K, 88% used [0x00000000a0000000,0x00000000c69aa480,0x00000000cb900000)
 Metaspace       used 118292K, capacity 124688K, committed 124952K, reserved 1159168K
  class space    used 14786K, capacity 16153K, committed 16176K, reserved 1048576K
}
Event: 8374.683 GC heap before
{Heap before GC invocations=66 (full 5):
 PSYoungGen      total 413184K, used 323168K [0x00000000e0000000, 0x00000000fef80000, 0x0000000100000000)
  eden space 323072K, 100% used [0x00000000e0000000,0x00000000f3b80000,0x00000000f3b80000)
  from space 90112K, 0% used [0x00000000f9780000,0x00000000f9798000,0x00000000fef80000)
  to   space 92160K, 0% used [0x00000000f3b80000,0x00000000f3b80000,0x00000000f9580000)
 ParOldGen       total 713728K, used 632489K [0x00000000a0000000, 0x00000000cb900000, 0x00000000e0000000)
  object space 713728K, 88% used [0x00000000a0000000,0x00000000c69aa480,0x00000000cb900000)
 Metaspace       used 118938K, capacity 125436K, committed 125592K, reserved 1159168K
  class space    used 14857K, capacity 16237K, committed 16304K, reserved 1048576K
Event: 8374.708 GC heap after
Heap after GC invocations=66 (full 5):
 PSYoungGen      total 415232K, used 8682K [0x00000000e0000000, 0x00000000ff400000, 0x0000000100000000)
  eden space 323072K, 0% used [0x00000000e0000000,0x00000000e0000000,0x00000000f3b80000)
  from space 92160K, 9% used [0x00000000f3b80000,0x00000000f43fab20,0x00000000f9580000)
  to   space 84992K, 0% used [0x00000000fa100000,0x00000000fa100000,0x00000000ff400000)
 ParOldGen       total 713728K, used 632521K [0x00000000a0000000, 0x00000000cb900000, 0x00000000e0000000)
  object space 713728K, 88% used [0x00000000a0000000,0x00000000c69b2480,0x00000000cb900000)
 Metaspace       used 118938K, capacity 125436K, committed 125592K, reserved 1159168K
  class space    used 14857K, capacity 16237K, committed 16304K, reserved 1048576K
}
Event: 8384.176 GC heap before
{Heap before GC invocations=67 (full 5):
 PSYoungGen      total 415232K, used 331754K [0x00000000e0000000, 0x00000000ff400000, 0x0000000100000000)
  eden space 323072K, 100% used [0x00000000e0000000,0x00000000f3b80000,0x00000000f3b80000)
  from space 92160K, 9% used [0x00000000f3b80000,0x00000000f43fab20,0x00000000f9580000)
  to   space 84992K, 0% used [0x00000000fa100000,0x00000000fa100000,0x00000000ff400000)
 ParOldGen       total 713728K, used 632521K [0x00000000a0000000, 0x00000000cb900000, 0x00000000e0000000)
  object space 713728K, 88% used [0x00000000a0000000,0x00000000c69b2480,0x00000000cb900000)
 Metaspace       used 119406K, capacity 126076K, committed 126232K, reserved 1159168K
  class space    used 14898K, capacity 16321K, committed 16432K, reserved 1048576K
Event: 8384.203 GC heap after
Heap after GC invocations=67 (full 5):
 PSYoungGen      total 427520K, used 30688K [0x00000000e0000000, 0x00000000ff800000, 0x0000000100000000)
  eden space 342528K, 0% used [0x00000000e0000000,0x00000000e0000000,0x00000000f4e80000)
  from space 84992K, 36% used [0x00000000fa100000,0x00000000fbef8078,0x00000000ff400000)
  to   space 84480K, 0% used [0x00000000f4e80000,0x00000000f4e80000,0x00000000fa100000)
 ParOldGen       total 713728K, used 633996K [0x00000000a0000000, 0x00000000cb900000, 0x00000000e0000000)
  object space 713728K, 88% used [0x00000000a0000000,0x00000000c6b23020,0x00000000cb900000)
 Metaspace       used 119406K, capacity 126076K, committed 126232K, reserved 1159168K
  class space    used 14898K, capacity 16321K, committed 16432K, reserved 1048576K
}
Event: 8527.174 GC heap before
{Heap before GC invocations=68 (full 5):
 PSYoungGen      total 427520K, used 373216K [0x00000000e0000000, 0x00000000ff800000, 0x0000000100000000)
  eden space 342528K, 100% used [0x00000000e0000000,0x00000000f4e80000,0x00000000f4e80000)
  from space 84992K, 36% used [0x00000000fa100000,0x00000000fbef8078,0x00000000ff400000)
  to   space 84480K, 0% used [0x00000000f4e80000,0x00000000f4e80000,0x00000000fa100000)
 ParOldGen       total 713728K, used 633996K [0x00000000a0000000, 0x00000000cb900000, 0x00000000e0000000)
  object space 713728K, 88% used [0x00000000a0000000,0x00000000c6b23020,0x00000000cb900000)
 Metaspace       used 120247K, capacity 126878K, committed 127000K, reserved 1159168K
  class space    used 14973K, capacity 16392K, committed 16432K, reserved 1048576K
Event: 8527.196 GC heap after
Heap after GC invocations=68 (full 5):
 PSYoungGen      total 427008K, used 6003K [0x00000000e0000000, 0x00000000ff480000, 0x0000000100000000)
  eden space 342528K, 0% used [0x00000000e0000000,0x00000000e0000000,0x00000000f4e80000)
  from space 84480K, 7% used [0x00000000f4e80000,0x00000000f545ce18,0x00000000fa100000)
  to   space 78848K, 0% used [0x00000000fa780000,0x00000000fa780000,0x00000000ff480000)
 ParOldGen       total 713728K, used 634580K [0x00000000a0000000, 0x00000000cb900000, 0x00000000e0000000)
  object space 713728K, 88% used [0x00000000a0000000,0x00000000c6bb5030,0x00000000cb900000)
 Metaspace       used 120247K, capacity 126878K, committed 127000K, reserved 1159168K
  class space    used 14973K, capacity 16392K, committed 16432K, reserved 1048576K
}

