# JRE version: OpenJDK Runtime Environment (8.0_152-b01) (build 1.8.0_152-release-1248-b01)
# Java VM: OpenJDK 64-Bit Server VM (25.152-b01 mixed mode linux-amd64 compressed oops)
Heap:
 PSYoungGen      total 205312K, used 101712K [0x00000000e0000000, 0x00000000f0e80000, 0x0000000100000000)
  eden space 182272K, 55% used [0x00000000e0000000,0x00000000e6354038,0x00000000eb200000)
  from space 23040K, 0% used [0x00000000eb200000,0x00000000eb200000,0x00000000ec880000)
  to   space 26624K, 0% used [0x00000000ef480000,0x00000000ef480000,0x00000000f0e80000)
 ParOldGen       total 209920K, used 38606K [0x00000000a0000000, 0x00000000acd00000, 0x00000000e0000000)
  object space 209920K, 18% used [0x00000000a0000000,0x00000000a25b3a88,0x00000000acd00000)
 Metaspace       used 61551K, capacity 63744K, committed 63896K, reserved 1103872K
  class space    used 8456K, capacity 9047K, committed 9136K, reserved 1048576K
GC Heap History (10 events):
Event: 4.658 GC heap before
{Heap before GC invocations=8 (full 2):
 PSYoungGen      total 150016K, used 11757K [0x00000000e0000000, 0x00000000ea380000, 0x0000000100000000)
  eden space 138240K, 0% used [0x00000000e0000000,0x00000000e0000000,0x00000000e8700000)
  from space 11776K, 99% used [0x00000000e9500000,0x00000000ea07b6a0,0x00000000ea080000)
  to   space 14336K, 0% used [0x00000000e8700000,0x00000000e8700000,0x00000000e9500000)
 ParOldGen       total 84480K, used 11721K [0x00000000a0000000, 0x00000000a5280000, 0x00000000e0000000)
  object space 84480K, 13% used [0x00000000a0000000,0x00000000a0b72658,0x00000000a5280000)
 Metaspace       used 34733K, capacity 35384K, committed 35496K, reserved 1079296K
  class space    used 4862K, capacity 5127K, committed 5168K, reserved 1048576K
Event: 4.783 GC heap after
Heap after GC invocations=8 (full 2):
 PSYoungGen      total 150016K, used 0K [0x00000000e0000000, 0x00000000ea380000, 0x0000000100000000)
  eden space 138240K, 0% used [0x00000000e0000000,0x00000000e0000000,0x00000000e8700000)
  from space 11776K, 0% used [0x00000000e9500000,0x00000000e9500000,0x00000000ea080000)
  to   space 14336K, 0% used [0x00000000e8700000,0x00000000e8700000,0x00000000e9500000)
 ParOldGen       total 141824K, used 19828K [0x00000000a0000000, 0x00000000a8a80000, 0x00000000e0000000)
  object space 141824K, 13% used [0x00000000a0000000,0x00000000a135d2f8,0x00000000a8a80000)
 Metaspace       used 34733K, capacity 35384K, committed 35496K, reserved 1079296K
  class space    used 4862K, capacity 5127K, committed 5168K, reserved 1048576K
}
Event: 6.506 GC heap before
{Heap before GC invocations=9 (full 2):
 PSYoungGen      total 150016K, used 138240K [0x00000000e0000000, 0x00000000ea380000, 0x0000000100000000)
  eden space 138240K, 100% used [0x00000000e0000000,0x00000000e8700000,0x00000000e8700000)
  from space 11776K, 0% used [0x00000000e9500000,0x00000000e9500000,0x00000000ea080000)
  to   space 14336K, 0% used [0x00000000e8700000,0x00000000e8700000,0x00000000e9500000)
 ParOldGen       total 141824K, used 19828K [0x00000000a0000000, 0x00000000a8a80000, 0x00000000e0000000)
  object space 141824K, 13% used [0x00000000a0000000,0x00000000a135d2f8,0x00000000a8a80000)
 Metaspace       used 43866K, capacity 44876K, committed 45104K, reserved 1087488K
  class space    used 5999K, capacity 6355K, committed 6448K, reserved 1048576K
Event: 6.530 GC heap after
Heap after GC invocations=9 (full 2):
 PSYoungGen      total 152576K, used 14311K [0x00000000e0000000, 0x00000000eda00000, 0x0000000100000000)
  eden space 138240K, 0% used [0x00000000e0000000,0x00000000e0000000,0x00000000e8700000)
  from space 14336K, 99% used [0x00000000e8700000,0x00000000e94f9df0,0x00000000e9500000)
  to   space 17920K, 0% used [0x00000000ec880000,0x00000000ec880000,0x00000000eda00000)
 ParOldGen       total 141824K, used 23399K [0x00000000a0000000, 0x00000000a8a80000, 0x00000000e0000000)
  object space 141824K, 16% used [0x00000000a0000000,0x00000000a16d9ec8,0x00000000a8a80000)
 Metaspace       used 43866K, capacity 44876K, committed 45104K, reserved 1087488K
  class space    used 5999K, capacity 6355K, committed 6448K, reserved 1048576K
}
Event: 8.335 GC heap before
{Heap before GC invocations=10 (full 2):
 PSYoungGen      total 152576K, used 152551K [0x00000000e0000000, 0x00000000eda00000, 0x0000000100000000)
  eden space 138240K, 100% used [0x00000000e0000000,0x00000000e8700000,0x00000000e8700000)
  from space 14336K, 99% used [0x00000000e8700000,0x00000000e94f9df0,0x00000000e9500000)
  to   space 17920K, 0% used [0x00000000ec880000,0x00000000ec880000,0x00000000eda00000)
 ParOldGen       total 141824K, used 23399K [0x00000000a0000000, 0x00000000a8a80000, 0x00000000e0000000)
  object space 141824K, 16% used [0x00000000a0000000,0x00000000a16d9ec8,0x00000000a8a80000)
 Metaspace       used 54803K, capacity 56668K, committed 56752K, reserved 1097728K
  class space    used 7566K, capacity 8069K, committed 8112K, reserved 1048576K
Event: 8.361 GC heap after
Heap after GC invocations=10 (full 2):
 PSYoungGen      total 200192K, used 17918K [0x00000000e0000000, 0x00000000ee100000, 0x0000000100000000)
  eden space 182272K, 0% used [0x00000000e0000000,0x00000000e0000000,0x00000000eb200000)
  from space 17920K, 99% used [0x00000000ec880000,0x00000000ed9ff9d0,0x00000000eda00000)
  to   space 23040K, 0% used [0x00000000eb200000,0x00000000eb200000,0x00000000ec880000)
 ParOldGen       total 141824K, used 29898K [0x00000000a0000000, 0x00000000a8a80000, 0x00000000e0000000)
  object space 141824K, 21% used [0x00000000a0000000,0x00000000a1d32b48,0x00000000a8a80000)
 Metaspace       used 54803K, capacity 56668K, committed 56752K, reserved 1097728K
  class space    used 7566K, capacity 8069K, committed 8112K, reserved 1048576K
}
Event: 8.965 GC heap before
{Heap before GC invocations=11 (full 2):
 PSYoungGen      total 200192K, used 63569K [0x00000000e0000000, 0x00000000ee100000, 0x0000000100000000)
  eden space 182272K, 25% used [0x00000000e0000000,0x00000000e2c94be8,0x00000000eb200000)
  from space 17920K, 99% used [0x00000000ec880000,0x00000000ed9ff9d0,0x00000000eda00000)
  to   space 23040K, 0% used [0x00000000eb200000,0x00000000eb200000,0x00000000ec880000)
 ParOldGen       total 141824K, used 29898K [0x00000000a0000000, 0x00000000a8a80000, 0x00000000e0000000)
  object space 141824K, 21% used [0x00000000a0000000,0x00000000a1d32b48,0x00000000a8a80000)
 Metaspace       used 57009K, capacity 59038K, committed 59160K, reserved 1099776K
  class space    used 7884K, capacity 8435K, committed 8496K, reserved 1048576K
Event: 8.990 GC heap after
Heap after GC invocations=11 (full 2):
 PSYoungGen      total 205312K, used 23031K [0x00000000e0000000, 0x00000000f0e80000, 0x0000000100000000)
  eden space 182272K, 0% used [0x00000000e0000000,0x00000000e0000000,0x00000000eb200000)
  from space 23040K, 99% used [0x00000000eb200000,0x00000000ec87df38,0x00000000ec880000)
  to   space 26624K, 0% used [0x00000000ef480000,0x00000000ef480000,0x00000000f0e80000)
 ParOldGen       total 141824K, used 30272K [0x00000000a0000000, 0x00000000a8a80000, 0x00000000e0000000)
  object space 141824K, 21% used [0x00000000a0000000,0x00000000a1d90170,0x00000000a8a80000)
 Metaspace       used 57009K, capacity 59038K, committed 59160K, reserved 1099776K
  class space    used 7884K, capacity 8435K, committed 8496K, reserved 1048576K
}
Event: 8.990 GC heap before
{Heap before GC invocations=12 (full 3):
 PSYoungGen      total 205312K, used 23031K [0x00000000e0000000, 0x00000000f0e80000, 0x0000000100000000)
  eden space 182272K, 0% used [0x00000000e0000000,0x00000000e0000000,0x00000000eb200000)
  from space 23040K, 99% used [0x00000000eb200000,0x00000000ec87df38,0x00000000ec880000)
  to   space 26624K, 0% used [0x00000000ef480000,0x00000000ef480000,0x00000000f0e80000)
 ParOldGen       total 141824K, used 30272K [0x00000000a0000000, 0x00000000a8a80000, 0x00000000e0000000)
  object space 141824K, 21% used [0x00000000a0000000,0x00000000a1d90170,0x00000000a8a80000)
 Metaspace       used 57009K, capacity 59038K, committed 59160K, reserved 1099776K
  class space    used 7884K, capacity 8435K, committed 8496K, reserved 1048576K
Event: 9.212 GC heap after
Heap after GC invocations=12 (full 3):
 PSYoungGen      total 205312K, used 0K [0x00000000e0000000, 0x00000000f0e80000, 0x0000000100000000)
  eden space 182272K, 0% used [0x00000000e0000000,0x00000000e0000000,0x00000000eb200000)
  from space 23040K, 0% used [0x00000000eb200000,0x00000000eb200000,0x00000000ec880000)
  to   space 26624K, 0% used [0x00000000ef480000,0x00000000ef480000,0x00000000f0e80000)
 ParOldGen       total 209920K, used 38606K [0x00000000a0000000, 0x00000000acd00000, 0x00000000e0000000)
  object space 209920K, 18% used [0x00000000a0000000,0x00000000a25b3a88,0x00000000acd00000)
 Metaspace       used 57009K, capacity 59038K, committed 59160K, reserved 1099776K
  class space    used 7884K, capacity 8435K, committed 8496K, reserved 1048576K
}

